<testsuite name="openshift-tests" tests="120" skipped="0" failures="22" time="414"><property name="TestVersion" value="v4.1.0+9292d83-2822-dirty"></property><testcase name="[sig-cli] Kubectl client Kubectl patch should add annotations for pods in rc  [Conformance] [Suite:openshift/conformance/parallel/minimal] [Suite:k8s]" time="31.5">...